CRITICAL - 2025-04-09 14:09:08 --> ErrorException: Undefined variable $solicitudes
[Method: GET, Route: /]
in APPPATH\Controllers\SolicitudesController.php on line 105.
 1 APPPATH\Controllers\SolicitudesController.php(105): CodeIgniter\Debug\Exceptions->errorHandler(2, 'Undefined variable $solicitudes', 'C:\\xampp\\htdocs\\tallerLab3\\codeigniter4-framework-f253839\\app\\Controllers\\SolicitudesController.php', 105)
 2 SYSTEMPATH\Autoloader\Autoloader.php(316): include_once('C:\\xampp\\htdocs\\tallerLab3\\codeigniter4-framework-f253839\\app\\Controllers\\SolicitudesController.php')
 3 SYSTEMPATH\Autoloader\Autoloader.php(295): CodeIgniter\Autoloader\Autoloader->includeFile('C:\\xampp\\htdocs\\tallerLab3\\codeigniter4-framework-f253839\\app\\Controllers\\SolicitudesController.php')
 4 SYSTEMPATH\Autoloader\Autoloader.php(271): CodeIgniter\Autoloader\Autoloader->loadInNamespace('App\\Controllers\\SolicitudesController')
 5 [internal function]: CodeIgniter\Autoloader\Autoloader->loadClass('App\\Controllers\\SolicitudesController')
 6 SYSTEMPATH\CodeIgniter.php(887): class_exists('\\App\\Controllers\\SolicitudesController', true)
 7 SYSTEMPATH\CodeIgniter.php(496): CodeIgniter\CodeIgniter->startController()
 8 SYSTEMPATH\CodeIgniter.php(355): CodeIgniter\CodeIgniter->handleRequest(null, Object(Config\Cache), false)
 9 SYSTEMPATH\Boot.php(334): CodeIgniter\CodeIgniter->run()
10 SYSTEMPATH\Boot.php(67): CodeIgniter\Boot::runCodeIgniter(Object(CodeIgniter\CodeIgniter))
11 FCPATH\index.php(56): CodeIgniter\Boot::bootWeb(Object(Config\Paths))
CRITICAL - 2025-04-09 14:20:40 --> ErrorException: Undefined variable $solicitudes
[Method: GET, Route: /]
in APPPATH\Views\Solicitudes.php on line 105.
 1 APPPATH\Views\Solicitudes.php(105): CodeIgniter\Debug\Exceptions->errorHandler(2, 'Undefined variable $solicitudes', 'C:\\xampp\\htdocs\\tallerLab3\\codeigniter4-framework-f253839\\app\\Views\\Solicitudes.php', 105)
 2 SYSTEMPATH\View\View.php(234): include('C:\\xampp\\htdocs\\tallerLab3\\codeigniter4-framework-f253839\\app\\Views\\Solicitudes.php')
 3 SYSTEMPATH\View\View.php(237): CodeIgniter\View\View->CodeIgniter\View\{closure}()
 4 SYSTEMPATH\Common.php(1171): CodeIgniter\View\View->render('Solicitudes', [], true)
 5 APPPATH\Controllers\Home.php(9): view('Solicitudes')
 6 SYSTEMPATH\CodeIgniter.php(933): App\Controllers\Home->index()
 7 SYSTEMPATH\CodeIgniter.php(509): CodeIgniter\CodeIgniter->runController(Object(App\Controllers\Home))
 8 SYSTEMPATH\CodeIgniter.php(355): CodeIgniter\CodeIgniter->handleRequest(null, Object(Config\Cache), false)
 9 SYSTEMPATH\Boot.php(334): CodeIgniter\CodeIgniter->run()
10 SYSTEMPATH\Boot.php(67): CodeIgniter\Boot::runCodeIgniter(Object(CodeIgniter\CodeIgniter))
11 FCPATH\index.php(56): CodeIgniter\Boot::bootWeb(Object(Config\Paths))
ERROR - 2025-04-09 14:58:18 --> Error connecting to the database: mysqli_sql_exception: Access denied for user ''@'localhost' (using password: NO) in C:\xampp\htdocs\tallerLab3\codeigniter4-framework-f253839\system\Database\MySQLi\Connection.php:186
Stack trace:
#0 C:\xampp\htdocs\tallerLab3\codeigniter4-framework-f253839\system\Database\MySQLi\Connection.php(186): mysqli->real_connect('localhost', '', Object(SensitiveParameterValue), '', 3306, '', 0)
#1 C:\xampp\htdocs\tallerLab3\codeigniter4-framework-f253839\system\Database\BaseConnection.php(421): CodeIgniter\Database\MySQLi\Connection->connect(false)
#2 C:\xampp\htdocs\tallerLab3\codeigniter4-framework-f253839\system\Database\BaseConnection.php(616): CodeIgniter\Database\BaseConnection->initialize()
#3 C:\xampp\htdocs\tallerLab3\codeigniter4-framework-f253839\system\Database\BaseBuilder.php(1644): CodeIgniter\Database\BaseConnection->query('SELECT *\nFROM `...', Array, false)
#4 C:\xampp\htdocs\tallerLab3\codeigniter4-framework-f253839\system\Model.php(286): CodeIgniter\Database\BaseBuilder->get()
#5 C:\xampp\htdocs\tallerLab3\codeigniter4-framework-f253839\system\BaseModel.php(675): CodeIgniter\Model->doFindAll(0, 0)
#6 C:\xampp\htdocs\tallerLab3\codeigniter4-framework-f253839\app\Controllers\SolicitudesController.php(13): CodeIgniter\BaseModel->findAll()
#7 C:\xampp\htdocs\tallerLab3\codeigniter4-framework-f253839\system\CodeIgniter.php(933): App\Controllers\SolicitudesController->index()
#8 C:\xampp\htdocs\tallerLab3\codeigniter4-framework-f253839\system\CodeIgniter.php(509): CodeIgniter\CodeIgniter->runController(Object(App\Controllers\SolicitudesController))
#9 C:\xampp\htdocs\tallerLab3\codeigniter4-framework-f253839\system\CodeIgniter.php(355): CodeIgniter\CodeIgniter->handleRequest(NULL, Object(Config\Cache), false)
#10 C:\xampp\htdocs\tallerLab3\codeigniter4-framework-f253839\system\Boot.php(334): CodeIgniter\CodeIgniter->run()
#11 C:\xampp\htdocs\tallerLab3\codeigniter4-framework-f253839\system\Boot.php(67): CodeIgniter\Boot::runCodeIgniter(Object(CodeIgniter\CodeIgniter))
#12 C:\xampp\htdocs\tallerLab3\codeigniter4-framework-f253839\public\index.php(56): CodeIgniter\Boot::bootWeb(Object(Config\Paths))
#13 {main}

Next CodeIgniter\Database\Exceptions\DatabaseException: Access denied for user ''@'localhost' (using password: NO) in C:\xampp\htdocs\tallerLab3\codeigniter4-framework-f253839\system\Database\MySQLi\Connection.php:231
Stack trace:
#0 C:\xampp\htdocs\tallerLab3\codeigniter4-framework-f253839\system\Database\BaseConnection.php(421): CodeIgniter\Database\MySQLi\Connection->connect(false)
#1 C:\xampp\htdocs\tallerLab3\codeigniter4-framework-f253839\system\Database\BaseConnection.php(616): CodeIgniter\Database\BaseConnection->initialize()
#2 C:\xampp\htdocs\tallerLab3\codeigniter4-framework-f253839\system\Database\BaseBuilder.php(1644): CodeIgniter\Database\BaseConnection->query('SELECT *\nFROM `...', Array, false)
#3 C:\xampp\htdocs\tallerLab3\codeigniter4-framework-f253839\system\Model.php(286): CodeIgniter\Database\BaseBuilder->get()
#4 C:\xampp\htdocs\tallerLab3\codeigniter4-framework-f253839\system\BaseModel.php(675): CodeIgniter\Model->doFindAll(0, 0)
#5 C:\xampp\htdocs\tallerLab3\codeigniter4-framework-f253839\app\Controllers\SolicitudesController.php(13): CodeIgniter\BaseModel->findAll()
#6 C:\xampp\htdocs\tallerLab3\codeigniter4-framework-f253839\system\CodeIgniter.php(933): App\Controllers\SolicitudesController->index()
#7 C:\xampp\htdocs\tallerLab3\codeigniter4-framework-f253839\system\CodeIgniter.php(509): CodeIgniter\CodeIgniter->runController(Object(App\Controllers\SolicitudesController))
#8 C:\xampp\htdocs\tallerLab3\codeigniter4-framework-f253839\system\CodeIgniter.php(355): CodeIgniter\CodeIgniter->handleRequest(NULL, Object(Config\Cache), false)
#9 C:\xampp\htdocs\tallerLab3\codeigniter4-framework-f253839\system\Boot.php(334): CodeIgniter\CodeIgniter->run()
#10 C:\xampp\htdocs\tallerLab3\codeigniter4-framework-f253839\system\Boot.php(67): CodeIgniter\Boot::runCodeIgniter(Object(CodeIgniter\CodeIgniter))
#11 C:\xampp\htdocs\tallerLab3\codeigniter4-framework-f253839\public\index.php(56): CodeIgniter\Boot::bootWeb(Object(Config\Paths))
#12 {main}
CRITICAL - 2025-04-09 14:58:18 --> CodeIgniter\Database\Exceptions\DatabaseException: Unable to connect to the database.
Main connection [MySQLi]: Access denied for user ''@'localhost' (using password: NO)
[Method: GET, Route: /]
in SYSTEMPATH\Database\BaseConnection.php on line 467.
 1 SYSTEMPATH\Database\BaseConnection.php(616): CodeIgniter\Database\BaseConnection->initialize()
 2 SYSTEMPATH\Database\BaseBuilder.php(1644): CodeIgniter\Database\BaseConnection->query('SELECT *
FROM `vista1`', [], false)
 3 SYSTEMPATH\Model.php(286): CodeIgniter\Database\BaseBuilder->get()
 4 SYSTEMPATH\BaseModel.php(675): CodeIgniter\Model->doFindAll(0, 0)
 5 APPPATH\Controllers\SolicitudesController.php(13): CodeIgniter\BaseModel->findAll()
 6 SYSTEMPATH\CodeIgniter.php(933): App\Controllers\SolicitudesController->index()
 7 SYSTEMPATH\CodeIgniter.php(509): CodeIgniter\CodeIgniter->runController(Object(App\Controllers\SolicitudesController))
 8 SYSTEMPATH\CodeIgniter.php(355): CodeIgniter\CodeIgniter->handleRequest(null, Object(Config\Cache), false)
 9 SYSTEMPATH\Boot.php(334): CodeIgniter\CodeIgniter->run()
10 SYSTEMPATH\Boot.php(67): CodeIgniter\Boot::runCodeIgniter(Object(CodeIgniter\CodeIgniter))
11 FCPATH\index.php(56): CodeIgniter\Boot::bootWeb(Object(Config\Paths))
